[2025-12-27T21:41:47.613Z] ReferenceError: isFaceRegion is not defined
    at runRefinement (webpack-internal:///(rsc)/./lib/processing/stages/refinement.ts:163:21)
    at processImage (webpack-internal:///(rsc)/./lib/processing/pipeline.ts:168:70)
    at process.processTicksAndRejections (node:internal/process/task_queues:105:5)
    at async POST (webpack-internal:///(rsc)/./app/api/process/route.ts:59:24)
    at async AppRouteRouteModule.do (C:\Users\USER\HueDoTheNumbers\node_modules\next\dist\compiled\next-server\app-route.runtime.dev.js:5:37789)
    at async AppRouteRouteModule.handle (C:\Users\USER\HueDoTheNumbers\node_modules\next\dist\compiled\next-server\app-route.runtime.dev.js:5:45045)
    at async responseGenerator (webpack-internal:///(rsc)/./node_modules/next/dist/build/webpack/loaders/next-app-loader/index.js?name=app%2Fapi%2Fprocess%2Froute&page=%2Fapi%2Fprocess%2Froute&appPaths=&pagePath=private-next-app-dir%2Fapi%2Fprocess%2Froute.ts&appDir=C%3A%5CUsers%5CUSER%5CHueDoTheNumbers%5Capp&pageExtensions=tsx&pageExtensions=ts&pageExtensions=jsx&pageExtensions=js&rootDir=C%3A%5CUsers%5CUSER%5CHueDoTheNumbers&isDev=true&tsconfigPath=&basePath=&assetPrefix=&nextConfigOutput=&preferredRegion=&middlewareConfig=e30%3D&isGlobalNotFoundEnabled=!:236:38)
    at async AppRouteRouteModule.handleResponse (C:\Users\USER\HueDoTheNumbers\node_modules\next\dist\compiled\next-server\app-route.runtime.dev.js:1:187776)
    at async handleResponse (webpack-internal:///(rsc)/./node_modules/next/dist/build/webpack/loaders/next-app-loader/index.js?name=app%2Fapi%2Fprocess%2Froute&page=%2Fapi%2Fprocess%2Froute&appPaths=&pagePath=private-next-app-dir%2Fapi%2Fprocess%2Froute.ts&appDir=C%3A%5CUsers%5CUSER%5CHueDoTheNumbers%5Capp&pageExtensions=tsx&pageExtensions=ts&pageExtensions=jsx&pageExtensions=js&rootDir=C%3A%5CUsers%5CUSER%5CHueDoTheNumbers&isDev=true&tsconfigPath=&basePath=&assetPrefix=&nextConfigOutput=&preferredRegion=&middlewareConfig=e30%3D&isGlobalNotFoundEnabled=!:298:32)
    at async handler (webpack-internal:///(rsc)/./node_modules/next/dist/build/webpack/loaders/next-app-loader/index.js?name=app%2Fapi%2Fprocess%2Froute&page=%2Fapi%2Fprocess%2Froute&appPaths=&pagePath=private-next-app-dir%2Fapi%2Fprocess%2Froute.ts&appDir=C%3A%5CUsers%5CUSER%5CHueDoTheNumbers%5Capp&pageExtensions=tsx&pageExtensions=ts&pageExtensions=jsx&pageExtensions=js&rootDir=C%3A%5CUsers%5CUSER%5CHueDoTheNumbers&isDev=true&tsconfigPath=&basePath=&assetPrefix=&nextConfigOutput=&preferredRegion=&middlewareConfig=e30%3D&isGlobalNotFoundEnabled=!:352:13)
    at async DevServer.renderToResponseWithComponentsImpl (C:\Users\USER\HueDoTheNumbers\node_modules\next\dist\server\base-server.js:1413:9)
    at async DevServer.renderPageComponent (C:\Users\USER\HueDoTheNumbers\node_modules\next\dist\server\base-server.js:1465:24)
    at async DevServer.renderToResponseImpl (C:\Users\USER\HueDoTheNumbers\node_modules\next\dist\server\base-server.js:1515:32)
    at async DevServer.pipeImpl (C:\Users\USER\HueDoTheNumbers\node_modules\next\dist\server\base-server.js:1021:25)
    at async NextNodeServer.handleCatchallRenderRequest (C:\Users\USER\HueDoTheNumbers\node_modules\next\dist\server\next-server.js:394:17)
    at async DevServer.handleRequestImpl (C:\Users\USER\HueDoTheNumbers\node_modules\next\dist\server\base-server.js:912:17)
    at async C:\Users\USER\HueDoTheNumbers\node_modules\next\dist\server\dev\next-dev-server.js:382:20
    at async Span.traceAsyncFn (C:\Users\USER\HueDoTheNumbers\node_modules\next\dist\trace\trace.js:157:20)
    at async DevServer.handleRequest (C:\Users\USER\HueDoTheNumbers\node_modules\next\dist\server\dev\next-dev-server.js:378:24)
    at async invokeRender (C:\Users\USER\HueDoTheNumbers\node_modules\next\dist\server\lib\router-server.js:240:21)
    at async handleRequest (C:\Users\USER\HueDoTheNumbers\node_modules\next\dist\server\lib\router-server.js:436:24)
    at async requestHandlerImpl (C:\Users\USER\HueDoTheNumbers\node_modules\next\dist\server\lib\router-server.js:484:13)
    at async Server.requestListener (C:\Users\USER\HueDoTheNumbers\node_modules\next\dist\server\lib\start-server.js:226:13)

[2025-12-28T17:28:03.738Z] TypeError: unusable
    at NextRequest.clone (node:internal/deps/undici/undici:9968:17)
    at target.<computed>.target.<computed> (C:\Users\USER\HueDoTheNumbers\node_modules\next\dist\compiled\next-server\app-route.runtime.dev.js:5:47372)
    at POST (webpack-internal:///(rsc)/./app/api/process/route.ts:61:88)
    at process.processTicksAndRejections (node:internal/process/task_queues:105:5)
    at async AppRouteRouteModule.do (C:\Users\USER\HueDoTheNumbers\node_modules\next\dist\compiled\next-server\app-route.runtime.dev.js:5:37789)
    at async AppRouteRouteModule.handle (C:\Users\USER\HueDoTheNumbers\node_modules\next\dist\compiled\next-server\app-route.runtime.dev.js:5:45045)
    at async responseGenerator (webpack-internal:///(rsc)/./node_modules/next/dist/build/webpack/loaders/next-app-loader/index.js?name=app%2Fapi%2Fprocess%2Froute&page=%2Fapi%2Fprocess%2Froute&appPaths=&pagePath=private-next-app-dir%2Fapi%2Fprocess%2Froute.ts&appDir=C%3A%5CUsers%5CUSER%5CHueDoTheNumbers%5Capp&pageExtensions=tsx&pageExtensions=ts&pageExtensions=jsx&pageExtensions=js&rootDir=C%3A%5CUsers%5CUSER%5CHueDoTheNumbers&isDev=true&tsconfigPath=&basePath=&assetPrefix=&nextConfigOutput=&preferredRegion=&middlewareConfig=e30%3D&isGlobalNotFoundEnabled=!:236:38)
    at async AppRouteRouteModule.handleResponse (C:\Users\USER\HueDoTheNumbers\node_modules\next\dist\compiled\next-server\app-route.runtime.dev.js:1:187776)
    at async handleResponse (webpack-internal:///(rsc)/./node_modules/next/dist/build/webpack/loaders/next-app-loader/index.js?name=app%2Fapi%2Fprocess%2Froute&page=%2Fapi%2Fprocess%2Froute&appPaths=&pagePath=private-next-app-dir%2Fapi%2Fprocess%2Froute.ts&appDir=C%3A%5CUsers%5CUSER%5CHueDoTheNumbers%5Capp&pageExtensions=tsx&pageExtensions=ts&pageExtensions=jsx&pageExtensions=js&rootDir=C%3A%5CUsers%5CUSER%5CHueDoTheNumbers&isDev=true&tsconfigPath=&basePath=&assetPrefix=&nextConfigOutput=&preferredRegion=&middlewareConfig=e30%3D&isGlobalNotFoundEnabled=!:298:32)
    at async handler (webpack-internal:///(rsc)/./node_modules/next/dist/build/webpack/loaders/next-app-loader/index.js?name=app%2Fapi%2Fprocess%2Froute&page=%2Fapi%2Fprocess%2Froute&appPaths=&pagePath=private-next-app-dir%2Fapi%2Fprocess%2Froute.ts&appDir=C%3A%5CUsers%5CUSER%5CHueDoTheNumbers%5Capp&pageExtensions=tsx&pageExtensions=ts&pageExtensions=jsx&pageExtensions=js&rootDir=C%3A%5CUsers%5CUSER%5CHueDoTheNumbers&isDev=true&tsconfigPath=&basePath=&assetPrefix=&nextConfigOutput=&preferredRegion=&middlewareConfig=e30%3D&isGlobalNotFoundEnabled=!:352:13)
    at async DevServer.renderToResponseWithComponentsImpl (C:\Users\USER\HueDoTheNumbers\node_modules\next\dist\server\base-server.js:1413:9)
    at async DevServer.renderPageComponent (C:\Users\USER\HueDoTheNumbers\node_modules\next\dist\server\base-server.js:1465:24)
    at async DevServer.renderToResponseImpl (C:\Users\USER\HueDoTheNumbers\node_modules\next\dist\server\base-server.js:1515:32)
    at async DevServer.pipeImpl (C:\Users\USER\HueDoTheNumbers\node_modules\next\dist\server\base-server.js:1021:25)
    at async NextNodeServer.handleCatchallRenderRequest (C:\Users\USER\HueDoTheNumbers\node_modules\next\dist\server\next-server.js:394:17)
    at async DevServer.handleRequestImpl (C:\Users\USER\HueDoTheNumbers\node_modules\next\dist\server\base-server.js:912:17)
    at async C:\Users\USER\HueDoTheNumbers\node_modules\next\dist\server\dev\next-dev-server.js:382:20
    at async Span.traceAsyncFn (C:\Users\USER\HueDoTheNumbers\node_modules\next\dist\trace\trace.js:157:20)
    at async DevServer.handleRequest (C:\Users\USER\HueDoTheNumbers\node_modules\next\dist\server\dev\next-dev-server.js:378:24)
    at async invokeRender (C:\Users\USER\HueDoTheNumbers\node_modules\next\dist\server\lib\router-server.js:240:21)
    at async handleRequest (C:\Users\USER\HueDoTheNumbers\node_modules\next\dist\server\lib\router-server.js:436:24)
    at async requestHandlerImpl (C:\Users\USER\HueDoTheNumbers\node_modules\next\dist\server\lib\router-server.js:484:13)
    at async Server.requestListener (C:\Users\USER\HueDoTheNumbers\node_modules\next\dist\server\lib\start-server.js:226:13)

[2025-12-28T17:37:03.980Z] TypeError: unusable
    at NextRequest.clone (node:internal/deps/undici/undici:9968:17)
    at target.<computed>.target.<computed> (C:\Users\USER\HueDoTheNumbers\node_modules\next\dist\compiled\next-server\app-route.runtime.dev.js:5:47372)
    at POST (webpack-internal:///(rsc)/./app/api/process/route.ts:61:88)
    at process.processTicksAndRejections (node:internal/process/task_queues:105:5)
    at async AppRouteRouteModule.do (C:\Users\USER\HueDoTheNumbers\node_modules\next\dist\compiled\next-server\app-route.runtime.dev.js:5:37789)
    at async AppRouteRouteModule.handle (C:\Users\USER\HueDoTheNumbers\node_modules\next\dist\compiled\next-server\app-route.runtime.dev.js:5:45045)
    at async responseGenerator (webpack-internal:///(rsc)/./node_modules/next/dist/build/webpack/loaders/next-app-loader/index.js?name=app%2Fapi%2Fprocess%2Froute&page=%2Fapi%2Fprocess%2Froute&appPaths=&pagePath=private-next-app-dir%2Fapi%2Fprocess%2Froute.ts&appDir=C%3A%5CUsers%5CUSER%5CHueDoTheNumbers%5Capp&pageExtensions=tsx&pageExtensions=ts&pageExtensions=jsx&pageExtensions=js&rootDir=C%3A%5CUsers%5CUSER%5CHueDoTheNumbers&isDev=true&tsconfigPath=&basePath=&assetPrefix=&nextConfigOutput=&preferredRegion=&middlewareConfig=e30%3D&isGlobalNotFoundEnabled=!:236:38)
    at async AppRouteRouteModule.handleResponse (C:\Users\USER\HueDoTheNumbers\node_modules\next\dist\compiled\next-server\app-route.runtime.dev.js:1:187776)
    at async handleResponse (webpack-internal:///(rsc)/./node_modules/next/dist/build/webpack/loaders/next-app-loader/index.js?name=app%2Fapi%2Fprocess%2Froute&page=%2Fapi%2Fprocess%2Froute&appPaths=&pagePath=private-next-app-dir%2Fapi%2Fprocess%2Froute.ts&appDir=C%3A%5CUsers%5CUSER%5CHueDoTheNumbers%5Capp&pageExtensions=tsx&pageExtensions=ts&pageExtensions=jsx&pageExtensions=js&rootDir=C%3A%5CUsers%5CUSER%5CHueDoTheNumbers&isDev=true&tsconfigPath=&basePath=&assetPrefix=&nextConfigOutput=&preferredRegion=&middlewareConfig=e30%3D&isGlobalNotFoundEnabled=!:298:32)
    at async handler (webpack-internal:///(rsc)/./node_modules/next/dist/build/webpack/loaders/next-app-loader/index.js?name=app%2Fapi%2Fprocess%2Froute&page=%2Fapi%2Fprocess%2Froute&appPaths=&pagePath=private-next-app-dir%2Fapi%2Fprocess%2Froute.ts&appDir=C%3A%5CUsers%5CUSER%5CHueDoTheNumbers%5Capp&pageExtensions=tsx&pageExtensions=ts&pageExtensions=jsx&pageExtensions=js&rootDir=C%3A%5CUsers%5CUSER%5CHueDoTheNumbers&isDev=true&tsconfigPath=&basePath=&assetPrefix=&nextConfigOutput=&preferredRegion=&middlewareConfig=e30%3D&isGlobalNotFoundEnabled=!:352:13)
    at async DevServer.renderToResponseWithComponentsImpl (C:\Users\USER\HueDoTheNumbers\node_modules\next\dist\server\base-server.js:1413:9)
    at async DevServer.renderPageComponent (C:\Users\USER\HueDoTheNumbers\node_modules\next\dist\server\base-server.js:1465:24)
    at async DevServer.renderToResponseImpl (C:\Users\USER\HueDoTheNumbers\node_modules\next\dist\server\base-server.js:1515:32)
    at async DevServer.pipeImpl (C:\Users\USER\HueDoTheNumbers\node_modules\next\dist\server\base-server.js:1021:25)
    at async NextNodeServer.handleCatchallRenderRequest (C:\Users\USER\HueDoTheNumbers\node_modules\next\dist\server\next-server.js:394:17)
    at async DevServer.handleRequestImpl (C:\Users\USER\HueDoTheNumbers\node_modules\next\dist\server\base-server.js:912:17)
    at async C:\Users\USER\HueDoTheNumbers\node_modules\next\dist\server\dev\next-dev-server.js:382:20
    at async Span.traceAsyncFn (C:\Users\USER\HueDoTheNumbers\node_modules\next\dist\trace\trace.js:157:20)
    at async DevServer.handleRequest (C:\Users\USER\HueDoTheNumbers\node_modules\next\dist\server\dev\next-dev-server.js:378:24)
    at async invokeRender (C:\Users\USER\HueDoTheNumbers\node_modules\next\dist\server\lib\router-server.js:240:21)
    at async handleRequest (C:\Users\USER\HueDoTheNumbers\node_modules\next\dist\server\lib\router-server.js:436:24)
    at async requestHandlerImpl (C:\Users\USER\HueDoTheNumbers\node_modules\next\dist\server\lib\router-server.js:484:13)
    at async Server.requestListener (C:\Users\USER\HueDoTheNumbers\node_modules\next\dist\server\lib\start-server.js:226:13)

